<?xml version="1.0" encoding="UTF-8"?>
<!-- Generated by org.testng.reporters.JUnitReportReporter -->
<testsuite hostname="LAPTOP-L2UM9ODI" failures="0" tests="7" name="in.co.website.test.LoginTest" time="53.986" errors="0" timestamp="2025-10-30T16:14:14 IST" skipped="0">
  <testcase classname="in.co.website.test.LoginTest" name="loginTest" time="6.082"/>
  <testcase classname="in.co.website.test.LoginTest" name="loginTest" time="5.954"/>
  <testcase classname="in.co.website.test.LoginTest" name="loginTest" time="6.035"/>
  <testcase classname="in.co.website.test.LoginTest" name="loginTest" time="6.270"/>
  <testcase classname="in.co.website.test.LoginTest" name="loginTest" time="5.957"/>
  <testcase classname="in.co.website.test.LoginTest" name="loginTest" time="17.215"/>
  <testcase classname="in.co.website.test.LoginTest" name="loginTest" time="6.473"/>
</testsuite> <!-- in.co.website.test.LoginTest -->
