<?xml version="1.0" encoding="UTF-8"?>
<!-- Generated by org.testng.reporters.JUnitXMLReporter -->
<testsuite ignored="0" hostname="LAPTOP-L2UM9ODI" failures="0" tests="4" name="OrangeHRM Tests" time="39.139" errors="0" timestamp="2025-03-25T20:43:04 IST">
  <testcase classname="in.co.website.test.LoginTest" name="InvalidLogin" time="8.589"/>
  <testcase classname="in.co.website.test.LoginTest" name="ValidLogin" time="3.865"/>
  <testcase classname="in.co.website.test.DashboardTest" name="ClickonMyList" time="2.0"/>
  <testcase classname="in.co.website.test.DashboardTest" name="EnterForm" time="10.265"/>
</testsuite> <!-- OrangeHRM Tests -->
