<?xml version="1.0" encoding="UTF-8"?>
<!-- Generated by org.testng.reporters.JUnitXMLReporter -->
<testsuite ignored="0" hostname="LAPTOP-L2UM9ODI" failures="0" tests="9" name="OrangeHRM Tests" time="128.089" errors="0" timestamp="2025-09-03T02:20:09 IST">
  <testcase classname="in.co.website.test.LoginTest" name="loginTest" time="7.84"/>
  <testcase classname="in.co.website.test.LoginTest" name="loginTest" time="6.024"/>
  <testcase classname="in.co.website.test.LoginTest" name="loginTest" time="7.735"/>
  <testcase classname="in.co.website.test.LoginTest" name="loginTest" time="5.996"/>
  <testcase classname="in.co.website.test.LoginTest" name="loginTest" time="6.053"/>
  <testcase classname="in.co.website.test.LoginTest" name="loginTest" time="6.051"/>
  <testcase classname="in.co.website.test.LoginTest" name="loginTest" time="16.448"/>
  <testcase classname="in.co.website.test.DashboardTest" name="ClickonMyList" time="1.8"/>
  <testcase classname="in.co.website.test.DashboardTest" name="EnterForm" time="59.803"/>
</testsuite> <!-- OrangeHRM Tests -->
