<?xml version="1.0" encoding="UTF-8"?>
<testng-results ignored="0" total="4" passed="4" failed="0" skipped="0">
  <reporter-output>
  </reporter-output>
  <suite started-at="2025-03-15T16:49:10 IST" name="Default suite" finished-at="2025-03-15T16:49:31 IST" duration-ms="21209">
    <groups>
      <group name="Form">
        <method signature="LoginTest.FillForm()[pri:3, instance:Test.LoginTest@6ad82709]" name="FillForm" class="Test.LoginTest"/>
      </group> <!-- Form -->
      <group name="Login">
        <method signature="LoginTest.ValidLogin()[pri:2, instance:Test.LoginTest@6ad82709]" name="ValidLogin" class="Test.LoginTest"/>
        <method signature="LoginTest.invalidLoginTest()[pri:1, instance:Test.LoginTest@6ad82709]" name="invalidLoginTest" class="Test.LoginTest"/>
      </group> <!-- Login -->
    </groups>
    <test started-at="2025-03-15T16:49:10 IST" name="Default test" finished-at="2025-03-15T16:49:31 IST" duration-ms="21209">
      <class name="Test.LoginTest">
        <test-method is-config="true" signature="invokeBrowser()[pri:0, instance:Test.LoginTest@6ad82709]" started-at="2025-03-15T16:49:10 IST" name="invokeBrowser" finished-at="2025-03-15T16:49:20 IST" duration-ms="9646" status="PASS">
          <reporter-output>
          </reporter-output>
        </test-method> <!-- invokeBrowser -->
        <test-method signature="makeAppointment()[pri:0, instance:Test.LoginTest@6ad82709]" started-at="2025-03-15T16:49:20 IST" name="makeAppointment" finished-at="2025-03-15T16:49:21 IST" duration-ms="1047" status="PASS">
          <reporter-output>
          </reporter-output>
        </test-method> <!-- makeAppointment -->
        <test-method signature="invalidLoginTest()[pri:1, instance:Test.LoginTest@6ad82709]" started-at="2025-03-15T16:49:21 IST" name="invalidLoginTest" finished-at="2025-03-15T16:49:23 IST" duration-ms="2637" status="PASS">
          <reporter-output>
          </reporter-output>
        </test-method> <!-- invalidLoginTest -->
        <test-method signature="ValidLogin()[pri:2, instance:Test.LoginTest@6ad82709]" started-at="2025-03-15T16:49:23 IST" name="ValidLogin" finished-at="2025-03-15T16:49:27 IST" duration-ms="3547" status="PASS">
          <reporter-output>
          </reporter-output>
        </test-method> <!-- ValidLogin -->
        <test-method signature="FillForm()[pri:3, instance:Test.LoginTest@6ad82709]" started-at="2025-03-15T16:49:27 IST" name="FillForm" finished-at="2025-03-15T16:49:31 IST" depends-on-methods="Test.LoginTest.ValidLogin" duration-ms="3829" status="PASS">
          <reporter-output>
          </reporter-output>
        </test-method> <!-- FillForm -->
        <test-method is-config="true" signature="close()[pri:0, instance:Test.LoginTest@6ad82709]" started-at="2025-03-15T16:49:31 IST" name="close" finished-at="2025-03-15T16:49:31 IST" duration-ms="348" status="PASS">
          <reporter-output>
          </reporter-output>
        </test-method> <!-- close -->
      </class> <!-- Test.LoginTest -->
    </test> <!-- Default test -->
  </suite> <!-- Default suite -->
</testng-results>
