<?xml version="1.0" encoding="UTF-8"?>
<!-- Generated by org.testng.reporters.JUnitXMLReporter -->
<testsuite ignored="0" hostname="LAPTOP-L2UM9ODI" failures="0" tests="4" name="Default test" time="21.209" errors="0" timestamp="2025-03-15T16:49:31 IST">
  <testcase classname="Test.LoginTest" name="makeAppointment" time="1.047"/>
  <testcase classname="Test.LoginTest" name="invalidLoginTest" time="2.637"/>
  <testcase classname="Test.LoginTest" name="ValidLogin" time="3.547"/>
  <testcase classname="Test.LoginTest" name="FillForm" time="3.829"/>
</testsuite> <!-- Default test -->
